::1 - - [07/Dec/2022:16:03:49 +0000] "POST /api/v1/education HTTP/1.1" 400 854 "-" "PostmanRuntime/7.29.2"
::1 - - [07/Dec/2022:16:06:10 +0000] "POST /api/v1/education HTTP/1.1" 400 854 "-" "PostmanRuntime/7.29.2"
::1 - - [07/Dec/2022:16:07:00 +0000] "POST /api/v1/education HTTP/1.1" 400 854 "-" "PostmanRuntime/7.29.2"
::1 - - [07/Dec/2022:16:08:34 +0000] "POST /api/v1/education HTTP/1.1" 400 854 "-" "PostmanRuntime/7.29.2"
::1 - - [07/Dec/2022:16:09:12 +0000] "POST /api/v1/education HTTP/1.1" 400 854 "-" "PostmanRuntime/7.29.2"
::1 - - [07/Dec/2022:16:15:35 +0000] "POST /api/v1/education HTTP/1.1" 400 30 "-" "PostmanRuntime/7.29.2"
::1 - - [07/Dec/2022:16:16:13 +0000] "POST /api/v1/education HTTP/1.1" 400 30 "-" "PostmanRuntime/7.29.2"
::1 - - [07/Dec/2022:16:18:07 +0000] "POST /api/v1/education HTTP/1.1" 400 30 "-" "PostmanRuntime/7.29.2"
::1 - - [07/Dec/2022:16:18:09 +0000] "POST /api/v1/education HTTP/1.1" 400 30 "-" "PostmanRuntime/7.29.2"
::1 - - [07/Dec/2022:16:18:12 +0000] "POST /api/v1/education HTTP/1.1" 400 30 "-" "PostmanRuntime/7.29.2"
::1 - - [07/Dec/2022:16:18:43 +0000] "POST /api/v1/education HTTP/1.1" 400 30 "-" "PostmanRuntime/7.29.2"
::1 - - [07/Dec/2022:16:19:26 +0000] "POST /api/v1/education HTTP/1.1" 400 30 "-" "PostmanRuntime/7.29.2"
::1 - - [07/Dec/2022:16:19:28 +0000] "POST /api/v1/education HTTP/1.1" 400 30 "-" "PostmanRuntime/7.29.2"
::1 - - [07/Dec/2022:16:19:30 +0000] "POST /api/v1/education HTTP/1.1" 400 30 "-" "PostmanRuntime/7.29.2"
::1 - - [07/Dec/2022:16:22:37 +0000] "POST /api/v1/education HTTP/1.1" 400 30 "-" "PostmanRuntime/7.29.2"
::1 - - [07/Dec/2022:16:22:40 +0000] "POST /api/v1/education HTTP/1.1" 400 30 "-" "PostmanRuntime/7.29.2"
::1 - - [07/Dec/2022:16:24:47 +0000] "POST /api/v1/education HTTP/1.1" 400 30 "-" "PostmanRuntime/7.29.2"
::1 - - [07/Dec/2022:16:25:30 +0000] "POST /api/v1/education HTTP/1.1" 400 30 "-" "PostmanRuntime/7.29.2"
::1 - - [07/Dec/2022:17:31:33 +0000] "POST /api/v1/education HTTP/1.1" 200 201 "-" "PostmanRuntime/7.29.2"
::1 - - [07/Dec/2022:17:34:56 +0000] "POST /api/v1/education HTTP/1.1" 200 201 "-" "PostmanRuntime/7.29.2"
::1 - - [07/Dec/2022:17:35:54 +0000] "GET /api/v1/education?=6390cec06bf880d57e0392c5 HTTP/1.1" 200 405 "-" "PostmanRuntime/7.29.2"
::1 - - [07/Dec/2022:17:40:41 +0000] "PATCH /api/v1/education HTTP/1.1" 500 51 "-" "PostmanRuntime/7.29.2"
::1 - - [07/Dec/2022:17:41:05 +0000] "PUT /api/v1/education HTTP/1.1" 500 51 "-" "PostmanRuntime/7.29.2"
::1 - - [07/Dec/2022:17:41:59 +0000] "PATCH /api/v1/education?=6390cec06bf880d57e0392c5 HTTP/1.1" 500 51 "-" "PostmanRuntime/7.29.2"
::1 - - [07/Dec/2022:17:48:04 +0000] "PATCH /api/v1/education?id=6390cdf26bf880d57e0392c1 HTTP/1.1" 500 51 "-" "PostmanRuntime/7.29.2"
::1 - - [07/Dec/2022:17:48:54 +0000] "PATCH /api/v1/education?id=6390cec06bf880d57e0392c5 HTTP/1.1" 500 51 "-" "PostmanRuntime/7.29.2"
::1 - - [07/Dec/2022:17:50:16 +0000] "PATCH /api/v1/education?id=6390cec06bf880d57e0392c5 HTTP/1.1" 500 51 "-" "PostmanRuntime/7.29.2"
::1 - - [07/Dec/2022:17:50:19 +0000] "PATCH /api/v1/education?id=6390cec06bf880d57e0392c5 HTTP/1.1" 500 51 "-" "PostmanRuntime/7.29.2"
::1 - - [07/Dec/2022:17:50:31 +0000] "PATCH /api/v1/education?id=6390cec06bf880d57e0392c5 HTTP/1.1" 500 51 "-" "PostmanRuntime/7.29.2"
::1 - - [07/Dec/2022:17:55:28 +0000] "POST /api/v1/education HTTP/1.1" 200 201 "-" "PostmanRuntime/7.29.2"
::1 - - [07/Dec/2022:17:56:20 +0000] "GET /api/v1/education?=6390d38f8a333f76775d604d HTTP/1.1" 200 607 "-" "PostmanRuntime/7.29.2"
::1 - - [07/Dec/2022:17:57:27 +0000] "GET /api/v1/education?=6390d38f8a333f76775d604d HTTP/1.1" 200 607 "-" "PostmanRuntime/7.29.2"
::1 - - [07/Dec/2022:17:58:26 +0000] "PATCH /api/v1/education?id=6390d38f8a333f76775d604d HTTP/1.1" 500 51 "-" "PostmanRuntime/7.29.2"
::1 - - [07/Dec/2022:17:58:29 +0000] "PATCH /api/v1/education?id=6390d38f8a333f76775d604d HTTP/1.1" 500 51 "-" "PostmanRuntime/7.29.2"
::1 - - [07/Dec/2022:17:58:39 +0000] "PATCH /api/v1/education?id=6390d38f8a333f76775d604d HTTP/1.1" 500 51 "-" "PostmanRuntime/7.29.2"
::1 - - [07/Dec/2022:18:01:10 +0000] "PATCH /api/v1/education?id=6390d38f8a333f76775d604d HTTP/1.1" 500 51 "-" "PostmanRuntime/7.29.2"
::1 - - [07/Dec/2022:18:01:13 +0000] "PATCH /api/v1/education?id=6390d38f8a333f76775d604d HTTP/1.1" 500 51 "-" "PostmanRuntime/7.29.2"
::1 - - [07/Dec/2022:18:01:27 +0000] "GET /api/v1/education?=6390d38f8a333f76775d604d HTTP/1.1" 200 607 "-" "PostmanRuntime/7.29.2"
::1 - - [07/Dec/2022:18:04:32 +0000] "GET /api/v1/education?=6390d38f8a333f76775d604d HTTP/1.1" 200 607 "-" "PostmanRuntime/7.29.2"
::1 - - [07/Dec/2022:18:04:45 +0000] "DELETE /api/v1/education?=6390d38f8a333f76775d604d HTTP/1.1" 500 51 "-" "PostmanRuntime/7.29.2"
::1 - - [07/Dec/2022:18:05:28 +0000] "DELETE /api/v1/education?=6390d38f8a333f76775d604d HTTP/1.1" 500 51 "-" "PostmanRuntime/7.29.2"
::1 - - [07/Dec/2022:18:06:37 +0000] "DELETE /api/v1/education?=6390d38f8a333f76775d604d HTTP/1.1" 500 51 "-" "PostmanRuntime/7.29.2"
::1 - - [07/Dec/2022:18:07:36 +0000] "DELETE /api/v1/education?=6390d38f8a333f76775d604d HTTP/1.1" 500 51 "-" "PostmanRuntime/7.29.2"
::1 - - [07/Dec/2022:18:07:38 +0000] "DELETE /api/v1/education?=6390d38f8a333f76775d604d HTTP/1.1" 500 51 "-" "PostmanRuntime/7.29.2"
::1 - - [07/Dec/2022:18:08:52 +0000] "DELETE /api/v1/education?=6390d38f8a333f76775d604d HTTP/1.1" 500 51 "-" "PostmanRuntime/7.29.2"
::1 - - [07/Dec/2022:18:09:36 +0000] "DELETE /api/v1/education HTTP/1.1" 500 51 "-" "PostmanRuntime/7.29.2"
::1 - - [07/Dec/2022:18:10:13 +0000] "DELETE /api/v1/education?=6390d38f8a333f76775d604d HTTP/1.1" 500 51 "-" "PostmanRuntime/7.29.2"
::1 - - [07/Dec/2022:18:13:47 +0000] "DELETE /api/v1/education?=6390d38f8a333f76775d604d&=6390cec06bf880d57e0392c5 HTTP/1.1" 500 51 "-" "PostmanRuntime/7.29.2"
::1 - - [07/Dec/2022:20:51:35 +0000] "POST /api/v1/experience HTTP/1.1" 200 262 "-" "PostmanRuntime/7.29.2"
::1 - - [07/Dec/2022:20:53:42 +0000] "GET /api/v1/experience?=6390fcd71d78d8c212d8a631 HTTP/1.1" 200 264 "-" "PostmanRuntime/7.29.2"
::1 - - [07/Dec/2022:20:54:59 +0000] "DELETE /api/v1/experience?=6390fcd71d78d8c212d8a631 HTTP/1.1" 500 51 "-" "PostmanRuntime/7.29.2"
::1 - - [07/Dec/2022:20:57:36 +0000] "PATCH /api/v1/experience?=6390fcd71d78d8c212d8a631 HTTP/1.1" 500 51 "-" "PostmanRuntime/7.29.2"
::1 - - [07/Dec/2022:21:08:31 +0000] "PATCH /api/v1/experience?=6390fcd71d78d8c212d8a631 HTTP/1.1" 500 51 "-" "PostmanRuntime/7.29.2"
::1 - - [07/Dec/2022:21:09:05 +0000] "PATCH /api/v1/experience?=6390fcd71d78d8c212d8a631 HTTP/1.1" 500 51 "-" "PostmanRuntime/7.29.2"
::1 - - [07/Dec/2022:21:10:18 +0000] "PATCH /api/v1/experience?=6390fcd71d78d8c212d8a631 HTTP/1.1" 500 51 "-" "PostmanRuntime/7.29.2"
::1 - - [07/Dec/2022:21:10:25 +0000] "POST /api/v1/experience HTTP/1.1" 200 262 "-" "PostmanRuntime/7.29.2"
::1 - - [07/Dec/2022:21:10:47 +0000] "GET /api/v1/experience?=639101406b68bcb90b590c75 HTTP/1.1" 200 527 "-" "PostmanRuntime/7.29.2"
::1 - - [07/Dec/2022:21:11:11 +0000] "DELETE /api/v1/experience?=639101406b68bcb90b590c75 HTTP/1.1" 500 51 "-" "PostmanRuntime/7.29.2"
::1 - - [07/Dec/2022:21:11:31 +0000] "PATCH /api/v1/experience?=639101406b68bcb90b590c75 HTTP/1.1" 500 51 "-" "PostmanRuntime/7.29.2"
::1 - - [07/Dec/2022:21:14:32 +0000] "PATCH /api/v1/experience?=639101406b68bcb90b590c75 HTTP/1.1" 500 51 "-" "PostmanRuntime/7.29.2"
::1 - - [07/Dec/2022:21:14:37 +0000] "PATCH /api/v1/experience?=639101406b68bcb90b590c75 HTTP/1.1" 500 51 "-" "PostmanRuntime/7.29.2"
::1 - - [07/Dec/2022:21:14:45 +0000] "DELETE /api/v1/experience?=639101406b68bcb90b590c75 HTTP/1.1" 500 51 "-" "PostmanRuntime/7.29.2"
::1 - - [07/Dec/2022:21:14:58 +0000] "DELETE /api/v1/experience?=639101406b68bcb90b590c75 HTTP/1.1" 500 51 "-" "PostmanRuntime/7.29.2"
::1 - - [07/Dec/2022:21:16:14 +0000] "DELETE /api/v1/experience?=639101406b68bcb90b590c75 HTTP/1.1" 500 51 "-" "PostmanRuntime/7.29.2"
::1 - - [07/Dec/2022:21:16:17 +0000] "DELETE /api/v1/experience?=639101406b68bcb90b590c75 HTTP/1.1" 500 51 "-" "PostmanRuntime/7.29.2"
::1 - - [07/Dec/2022:21:16:19 +0000] "DELETE /api/v1/experience?=639101406b68bcb90b590c75 HTTP/1.1" 500 51 "-" "PostmanRuntime/7.29.2"
::1 - - [07/Dec/2022:21:16:34 +0000] "DELETE /api/v1/education?=6390d38f8a333f76775d604d&=6390cec06bf880d57e0392c5 HTTP/1.1" 500 51 "-" "PostmanRuntime/7.29.2"
::1 - - [07/Dec/2022:21:16:40 +0000] "DELETE /api/v1/education?=6390d38f8a333f76775d604d&=6390cec06bf880d57e0392c5 HTTP/1.1" 500 51 "-" "PostmanRuntime/7.29.2"
::1 - - [07/Dec/2022:21:17:27 +0000] "DELETE /api/v1/education?=6390cec06bf880d57e0392c5 HTTP/1.1" 500 51 "-" "PostmanRuntime/7.29.2"
::1 - - [07/Dec/2022:21:19:07 +0000] "DELETE /api/v1/education/6390cec06bf880d57e0392c5 HTTP/1.1" 204 - "-" "PostmanRuntime/7.29.2"
::1 - - [07/Dec/2022:21:20:02 +0000] "DELETE /api/v1/education?=6390cec06bf880d57e0392c5 HTTP/1.1" 500 51 "-" "PostmanRuntime/7.29.2"
::1 - - [07/Dec/2022:21:24:14 +0000] "DELETE /api/v1/experience?=639101406b68bcb90b590c75 HTTP/1.1" 500 51 "-" "PostmanRuntime/7.29.2"
::1 - - [08/Dec/2022:13:09:06 +0000] "POST /api/v1/experience HTTP/1.1" 200 262 "-" "PostmanRuntime/7.29.2"
::1 - - [08/Dec/2022:13:09:38 +0000] "DELETE /api/v1/experience?=6391e1f2082cf7df9c50376d HTTP/1.1" 500 51 "-" "PostmanRuntime/7.29.2"
::1 - - [08/Dec/2022:13:25:39 +0000] "DELETE /api/v1/experience?=6391e1f2082cf7df9c50376d HTTP/1.1" 500 51 "-" "PostmanRuntime/7.29.2"
::1 - - [08/Dec/2022:13:27:36 +0000] "DELETE /api/v1/experience?=6391e1f2082cf7df9c50376d HTTP/1.1" 500 51 "-" "PostmanRuntime/7.29.2"
::1 - - [08/Dec/2022:13:31:30 +0000] "DELETE /api/v1/experience?=6391e1f2082cf7df9c50376d HTTP/1.1" 500 51 "-" "PostmanRuntime/7.29.2"
::1 - - [08/Dec/2022:13:31:42 +0000] "DELETE /api/v1/experience?=6391e1f2082cf7df9c50376d HTTP/1.1" 500 51 "-" "PostmanRuntime/7.29.2"
::1 - - [08/Dec/2022:13:31:45 +0000] "DELETE /api/v1/experience?=6391e1f2082cf7df9c50376d HTTP/1.1" 500 51 "-" "PostmanRuntime/7.29.2"
::1 - - [08/Dec/2022:13:31:47 +0000] "DELETE /api/v1/experience?=6391e1f2082cf7df9c50376d HTTP/1.1" 500 51 "-" "PostmanRuntime/7.29.2"
::1 - - [08/Dec/2022:13:31:49 +0000] "DELETE /api/v1/experience?=6391e1f2082cf7df9c50376d HTTP/1.1" 500 51 "-" "PostmanRuntime/7.29.2"
::1 - - [08/Dec/2022:13:31:51 +0000] "DELETE /api/v1/experience?=6391e1f2082cf7df9c50376d HTTP/1.1" 500 51 "-" "PostmanRuntime/7.29.2"
::1 - - [08/Dec/2022:13:31:53 +0000] "DELETE /api/v1/experience?=6391e1f2082cf7df9c50376d HTTP/1.1" 500 51 "-" "PostmanRuntime/7.29.2"
::1 - - [08/Dec/2022:13:31:55 +0000] "DELETE /api/v1/experience?=6391e1f2082cf7df9c50376d HTTP/1.1" 500 51 "-" "PostmanRuntime/7.29.2"
::1 - - [08/Dec/2022:13:32:27 +0000] "DELETE /api/v1/experience?=6391e1f2082cf7df9c50376d HTTP/1.1" 500 51 "-" "PostmanRuntime/7.29.2"
::1 - - [08/Dec/2022:13:32:31 +0000] "DELETE /api/v1/experience?=6391e1f2082cf7df9c50376d HTTP/1.1" 500 51 "-" "PostmanRuntime/7.29.2"
::1 - - [08/Dec/2022:13:33:06 +0000] "DELETE /api/v1/experience?=6391e1f2082cf7df9c50376d HTTP/1.1" 500 51 "-" "PostmanRuntime/7.29.2"
::1 - - [08/Dec/2022:13:33:09 +0000] "DELETE /api/v1/experience?=6391e1f2082cf7df9c50376d HTTP/1.1" 500 51 "-" "PostmanRuntime/7.29.2"
::1 - - [08/Dec/2022:13:33:17 +0000] "DELETE /api/v1/experience?=6391e1f2082cf7df9c50376d HTTP/1.1" 500 51 "-" "PostmanRuntime/7.29.2"
::1 - - [08/Dec/2022:13:34:30 +0000] "DELETE /api/v1/experience?=6391e1f2082cf7df9c50376d HTTP/1.1" 500 51 "-" "PostmanRuntime/7.29.2"
::1 - - [08/Dec/2022:13:34:32 +0000] "DELETE /api/v1/experience?=6391e1f2082cf7df9c50376d HTTP/1.1" 500 51 "-" "PostmanRuntime/7.29.2"
::1 - - [08/Dec/2022:13:34:34 +0000] "DELETE /api/v1/experience?=6391e1f2082cf7df9c50376d HTTP/1.1" 500 51 "-" "PostmanRuntime/7.29.2"
::1 - - [08/Dec/2022:13:34:45 +0000] "DELETE /api/v1/experience?=6391e1f2082cf7df9c50376d HTTP/1.1" 500 51 "-" "PostmanRuntime/7.29.2"
::1 - - [08/Dec/2022:13:34:47 +0000] "DELETE /api/v1/experience?=6391e1f2082cf7df9c50376d HTTP/1.1" 500 51 "-" "PostmanRuntime/7.29.2"
::1 - - [08/Dec/2022:16:55:44 +0000] "DELETE /api/v1/experience?=6391e1f2082cf7df9c50376d HTTP/1.1" 500 51 "-" "PostmanRuntime/7.29.2"
::1 - - [08/Dec/2022:17:02:37 +0000] "DELETE /api/v1/experience?=6391e1f2082cf7df9c50376d HTTP/1.1" 500 51 "-" "PostmanRuntime/7.29.2"
::1 - - [08/Dec/2022:17:02:39 +0000] "DELETE /api/v1/experience?=6391e1f2082cf7df9c50376d HTTP/1.1" 500 51 "-" "PostmanRuntime/7.29.2"
::1 - - [08/Dec/2022:17:02:41 +0000] "DELETE /api/v1/experience?=6391e1f2082cf7df9c50376d HTTP/1.1" 500 51 "-" "PostmanRuntime/7.29.2"
::1 - - [08/Dec/2022:18:56:42 +0000] "POST /create HTTP/1.1" 500 51 "-" "PostmanRuntime/7.29.2"
::1 - - [08/Dec/2022:18:57:02 +0000] "POST /create HTTP/1.1" 500 51 "-" "PostmanRuntime/7.29.2"
::1 - - [08/Dec/2022:18:58:08 +0000] "POST /create HTTP/1.1" 500 51 "-" "PostmanRuntime/7.29.2"
::1 - - [08/Dec/2022:19:37:30 +0000] "PATCH /api/v1/experience?=639101406b68bcb90b590c75 HTTP/1.1" 500 51 "-" "PostmanRuntime/7.29.2"
::1 - - [08/Dec/2022:21:45:10 +0000] "DELETE /api/v1/experience?=6391e1f2082cf7df9c50376d HTTP/1.1" 500 51 "-" "PostmanRuntime/7.29.2"
::1 - - [08/Dec/2022:21:45:13 +0000] "DELETE /api/v1/experience?=6391e1f2082cf7df9c50376d HTTP/1.1" 500 51 "-" "PostmanRuntime/7.29.2"
::1 - - [08/Dec/2022:21:45:16 +0000] "DELETE /api/v1/experience?=6391e1f2082cf7df9c50376d HTTP/1.1" 500 51 "-" "PostmanRuntime/7.29.2"
::1 - - [08/Dec/2022:21:45:19 +0000] "DELETE /api/v1/experience?=6391e1f2082cf7df9c50376d HTTP/1.1" 500 51 "-" "PostmanRuntime/7.29.2"
::1 - - [08/Dec/2022:21:45:21 +0000] "DELETE /api/v1/experience?=6391e1f2082cf7df9c50376d HTTP/1.1" 500 51 "-" "PostmanRuntime/7.29.2"
::1 - - [08/Dec/2022:21:45:25 +0000] "DELETE /api/v1/experience?=6391e1f2082cf7df9c50376d HTTP/1.1" 500 51 "-" "PostmanRuntime/7.29.2"
::1 - - [08/Dec/2022:21:45:28 +0000] "DELETE /api/v1/experience?=6391e1f2082cf7df9c50376d HTTP/1.1" 500 51 "-" "PostmanRuntime/7.29.2"
::1 - - [08/Dec/2022:21:45:34 +0000] "DELETE /api/v1/experience?=6391e1f2082cf7df9c50376d HTTP/1.1" 500 51 "-" "PostmanRuntime/7.29.2"
::1 - - [08/Dec/2022:21:51:43 +0000] "DELETE /api/v1/experience?=6391e1f2082cf7df9c50376d HTTP/1.1" 500 51 "-" "PostmanRuntime/7.29.2"
::1 - - [08/Dec/2022:21:51:46 +0000] "DELETE /api/v1/experience?=6391e1f2082cf7df9c50376d HTTP/1.1" 500 51 "-" "PostmanRuntime/7.29.2"
::1 - - [08/Dec/2022:21:59:27 +0000] "DELETE /api/v1/experience?=6391e1f2082cf7df9c50376d HTTP/1.1" 500 51 "-" "PostmanRuntime/7.29.2"
::1 - - [08/Dec/2022:21:59:29 +0000] "DELETE /api/v1/experience?=6391e1f2082cf7df9c50376d HTTP/1.1" 500 51 "-" "PostmanRuntime/7.29.2"
::1 - - [08/Dec/2022:22:44:39 +0000] "POST /create HTTP/1.1" 500 51 "-" "PostmanRuntime/7.29.2"
::1 - - [08/Dec/2022:22:44:47 +0000] "POST /create HTTP/1.1" 500 51 "-" "PostmanRuntime/7.29.2"
::1 - - [08/Dec/2022:22:50:07 +0000] "POST /create HTTP/1.1" 500 51 "-" "PostmanRuntime/7.29.2"
::1 - - [08/Dec/2022:22:51:39 +0000] "POST /create HTTP/1.1" 500 51 "-" "PostmanRuntime/7.29.2"
::1 - - [08/Dec/2022:22:51:41 +0000] "POST /create HTTP/1.1" 500 51 "-" "PostmanRuntime/7.29.2"
::1 - - [08/Dec/2022:22:52:23 +0000] "POST /create HTTP/1.1" 500 51 "-" "PostmanRuntime/7.29.2"
::1 - - [08/Dec/2022:22:52:29 +0000] "POST /api/v1/education HTTP/1.1" 200 201 "-" "PostmanRuntime/7.29.2"
::1 - - [08/Dec/2022:22:52:38 +0000] "POST /create HTTP/1.1" 500 51 "-" "PostmanRuntime/7.29.2"
::1 - - [08/Dec/2022:22:53:30 +0000] "POST /create HTTP/1.1" 500 51 "-" "PostmanRuntime/7.29.2"
::1 - - [08/Dec/2022:22:53:32 +0000] "POST /create HTTP/1.1" 500 51 "-" "PostmanRuntime/7.29.2"
::1 - - [08/Dec/2022:22:53:33 +0000] "POST /create HTTP/1.1" 500 51 "-" "PostmanRuntime/7.29.2"
::1 - - [08/Dec/2022:22:53:58 +0000] "POST /create HTTP/1.1" 500 51 "-" "PostmanRuntime/7.29.2"
::1 - - [08/Dec/2022:22:54:00 +0000] "POST /create HTTP/1.1" 500 51 "-" "PostmanRuntime/7.29.2"
::1 - - [08/Dec/2022:22:54:02 +0000] "POST /create HTTP/1.1" 500 51 "-" "PostmanRuntime/7.29.2"
::1 - - [08/Dec/2022:22:54:04 +0000] "POST /create HTTP/1.1" 500 51 "-" "PostmanRuntime/7.29.2"
::1 - - [08/Dec/2022:22:54:11 +0000] "POST /create HTTP/1.1" 500 51 "-" "PostmanRuntime/7.29.2"
::1 - - [08/Dec/2022:22:54:12 +0000] "POST /create HTTP/1.1" 500 51 "-" "PostmanRuntime/7.29.2"
::1 - - [08/Dec/2022:22:54:20 +0000] "POST /create HTTP/1.1" 500 51 "-" "PostmanRuntime/7.29.2"
::1 - - [08/Dec/2022:22:54:21 +0000] "POST /create HTTP/1.1" 500 51 "-" "PostmanRuntime/7.29.2"
::1 - - [08/Dec/2022:22:54:23 +0000] "POST /create HTTP/1.1" 500 51 "-" "PostmanRuntime/7.29.2"
::1 - - [08/Dec/2022:22:54:25 +0000] "POST /create HTTP/1.1" 500 51 "-" "PostmanRuntime/7.29.2"
::1 - - [08/Dec/2022:22:56:34 +0000] "POST /create HTTP/1.1" 500 51 "-" "PostmanRuntime/7.29.2"
::1 - - [08/Dec/2022:22:58:58 +0000] "POST /create HTTP/1.1" 500 51 "-" "PostmanRuntime/7.29.2"
::1 - - [08/Dec/2022:22:59:00 +0000] "POST /create HTTP/1.1" 500 51 "-" "PostmanRuntime/7.29.2"
::1 - - [08/Dec/2022:23:04:01 +0000] "POST /create HTTP/1.1" 500 51 "-" "PostmanRuntime/7.29.2"
::1 - - [08/Dec/2022:23:04:03 +0000] "POST /create HTTP/1.1" 500 51 "-" "PostmanRuntime/7.29.2"
::1 - - [12/Dec/2022:11:23:56 +0000] "POST /create HTTP/1.1" 500 51 "-" "PostmanRuntime/7.29.2"
::1 - - [12/Dec/2022:11:25:06 +0000] "POST /create HTTP/1.1" 500 51 "-" "PostmanRuntime/7.29.2"
::1 - - [12/Dec/2022:11:25:51 +0000] "POST /create HTTP/1.1" 500 51 "-" "PostmanRuntime/7.29.2"
::1 - - [12/Dec/2022:11:29:39 +0000] "POST /create HTTP/1.1" 500 51 "-" "PostmanRuntime/7.29.2"
::1 - - [12/Dec/2022:11:30:21 +0000] "POST /create HTTP/1.1" 500 51 "-" "PostmanRuntime/7.29.2"
::1 - - [12/Dec/2022:11:43:08 +0000] "POST /create HTTP/1.1" 500 51 "-" "PostmanRuntime/7.29.2"
::1 - - [12/Dec/2022:11:43:11 +0000] "POST /create HTTP/1.1" 500 51 "-" "PostmanRuntime/7.29.2"
::1 - - [12/Dec/2022:11:43:12 +0000] "POST /create HTTP/1.1" 500 51 "-" "PostmanRuntime/7.29.2"
::1 - - [12/Dec/2022:11:43:41 +0000] "POST /create HTTP/1.1" 500 51 "-" "PostmanRuntime/7.29.2"
::1 - - [12/Dec/2022:11:43:43 +0000] "POST /create HTTP/1.1" 500 51 "-" "PostmanRuntime/7.29.2"
::1 - - [12/Dec/2022:11:43:44 +0000] "POST /create HTTP/1.1" 500 51 "-" "PostmanRuntime/7.29.2"
::1 - - [12/Dec/2022:11:43:47 +0000] "POST /create HTTP/1.1" 500 51 "-" "PostmanRuntime/7.29.2"
::1 - - [12/Dec/2022:11:51:33 +0000] "POST /api/v1/experience HTTP/1.1" 400 30 "-" "PostmanRuntime/7.29.2"
::1 - - [12/Dec/2022:12:02:44 +0000] "POST /api/v1/experience HTTP/1.1" 400 30 "-" "PostmanRuntime/7.29.2"
::1 - - [12/Dec/2022:13:11:08 +0000] "POST /api/v1/experience HTTP/1.1" 200 262 "-" "PostmanRuntime/7.29.2"
::1 - - [12/Dec/2022:13:11:52 +0000] "GET /api/v1/experience?=6397286b7c6b66b2502f7fc6 HTTP/1.1" 200 264 "-" "PostmanRuntime/7.29.2"
::1 - - [12/Dec/2022:13:12:03 +0000] "POST /api/v1/education HTTP/1.1" 200 201 "-" "PostmanRuntime/7.29.2"
::1 - - [12/Dec/2022:13:12:31 +0000] "GET /api/v1/education?=639728a37c6b66b2502f7fc9 HTTP/1.1" 200 203 "-" "PostmanRuntime/7.29.2"
::1 - - [12/Dec/2022:13:12:41 +0000] "POST /create HTTP/1.1" 500 51 "-" "PostmanRuntime/7.29.2"
::1 - - [12/Dec/2022:13:12:49 +0000] "POST /create HTTP/1.1" 500 51 "-" "PostmanRuntime/7.29.2"
::1 - - [12/Dec/2022:13:21:10 +0000] "POST /create HTTP/1.1" 500 51 "-" "PostmanRuntime/7.29.2"
::1 - - [12/Dec/2022:13:21:13 +0000] "POST /create HTTP/1.1" 500 51 "-" "PostmanRuntime/7.29.2"
::1 - - [12/Dec/2022:13:21:17 +0000] "POST /create HTTP/1.1" 500 51 "-" "PostmanRuntime/7.29.2"
::1 - - [12/Dec/2022:13:22:05 +0000] "POST /create HTTP/1.1" 500 51 "-" "PostmanRuntime/7.29.2"
::1 - - [12/Dec/2022:13:22:07 +0000] "POST /create HTTP/1.1" 500 51 "-" "PostmanRuntime/7.29.2"
::1 - - [12/Dec/2022:13:24:27 +0000] "POST /create HTTP/1.1" 500 51 "-" "PostmanRuntime/7.29.2"
::1 - - [12/Dec/2022:13:24:49 +0000] "POST /create HTTP/1.1" 500 51 "-" "PostmanRuntime/7.29.2"
::1 - - [12/Dec/2022:13:26:14 +0000] "POST /create HTTP/1.1" 500 51 "-" "PostmanRuntime/7.29.2"
::1 - - [12/Dec/2022:13:26:17 +0000] "POST /create HTTP/1.1" 500 51 "-" "PostmanRuntime/7.29.2"
::1 - - [12/Dec/2022:13:26:27 +0000] "POST /create HTTP/1.1" 500 51 "-" "PostmanRuntime/7.29.2"
::1 - - [12/Dec/2022:13:26:28 +0000] "POST /create HTTP/1.1" 500 51 "-" "PostmanRuntime/7.29.2"
::1 - - [12/Dec/2022:13:27:48 +0000] "POST /api/v1/job HTTP/1.1" 400 30 "-" "PostmanRuntime/7.29.2"
::1 - - [12/Dec/2022:13:29:55 +0000] "POST /api/v1/job HTTP/1.1" 400 30 "-" "PostmanRuntime/7.29.2"
::1 - - [12/Dec/2022:13:30:11 +0000] "POST /api/v1/job HTTP/1.1" 400 30 "-" "PostmanRuntime/7.29.2"
::1 - - [12/Dec/2022:13:37:59 +0000] "POST /api/v1/job HTTP/1.1" 400 587 "-" "PostmanRuntime/7.29.2"
::1 - - [12/Dec/2022:14:23:08 +0000] "POST /api/v1/job HTTP/1.1" 400 587 "-" "PostmanRuntime/7.29.2"
::1 - - [12/Dec/2022:14:23:25 +0000] "POST /api/v1/job HTTP/1.1" 400 587 "-" "PostmanRuntime/7.29.2"
::1 - - [12/Dec/2022:14:24:01 +0000] "POST /api/v1/job HTTP/1.1" 400 587 "-" "PostmanRuntime/7.29.2"
::1 - - [12/Dec/2022:14:24:15 +0000] "POST /api/v1/job HTTP/1.1" 400 377 "-" "PostmanRuntime/7.29.2"
::1 - - [12/Dec/2022:14:24:19 +0000] "POST /api/v1/job HTTP/1.1" 400 377 "-" "PostmanRuntime/7.29.2"
::1 - - [12/Dec/2022:14:24:25 +0000] "POST /api/v1/job HTTP/1.1" 400 377 "-" "PostmanRuntime/7.29.2"
::1 - - [12/Dec/2022:14:24:53 +0000] "POST /api/v1/job HTTP/1.1" 400 377 "-" "PostmanRuntime/7.29.2"
::1 - - [12/Dec/2022:14:26:48 +0000] "POST /api/v1/job HTTP/1.1" 400 30 "-" "PostmanRuntime/7.29.2"
::1 - - [12/Dec/2022:14:27:41 +0000] "POST /api/v1/job HTTP/1.1" 400 30 "-" "PostmanRuntime/7.29.2"
::1 - - [12/Dec/2022:14:29:09 +0000] "POST /api/v1/job HTTP/1.1" 200 234 "-" "PostmanRuntime/7.29.2"
::1 - - [12/Dec/2022:14:30:12 +0000] "GET /api/v1/job?=63973aabf60c7d8cb7c27c45 HTTP/1.1" 500 51 "-" "PostmanRuntime/7.29.2"
::1 - - [12/Dec/2022:14:30:52 +0000] "GET /api/v1/job?=63973aabf60c7d8cb7c27c45 HTTP/1.1" 500 51 "-" "PostmanRuntime/7.29.2"
::1 - - [12/Dec/2022:14:32:16 +0000] "GET /api/v1/job?=63973aabf60c7d8cb7c27c45 HTTP/1.1" 500 51 "-" "PostmanRuntime/7.29.2"
::1 - - [12/Dec/2022:14:32:19 +0000] "GET /api/v1/job?=63973aabf60c7d8cb7c27c45 HTTP/1.1" 500 51 "-" "PostmanRuntime/7.29.2"
::1 - - [12/Dec/2022:14:40:17 +0000] "GET /api/v1/job?=63973aabf60c7d8cb7c27c45 HTTP/1.1" 500 51 "-" "PostmanRuntime/7.29.2"
::1 - - [12/Dec/2022:14:40:19 +0000] "GET /api/v1/job?=63973aabf60c7d8cb7c27c45 HTTP/1.1" 500 51 "-" "PostmanRuntime/7.29.2"
::1 - - [12/Dec/2022:14:40:21 +0000] "GET /api/v1/job?=63973aabf60c7d8cb7c27c45 HTTP/1.1" 500 51 "-" "PostmanRuntime/7.29.2"
::1 - - [12/Dec/2022:14:40:32 +0000] "GET /api/v1/job?=63973aabf60c7d8cb7c27c45 HTTP/1.1" 500 51 "-" "PostmanRuntime/7.29.2"
::1 - - [12/Dec/2022:14:40:34 +0000] "GET /api/v1/job?=63973aabf60c7d8cb7c27c45 HTTP/1.1" 500 51 "-" "PostmanRuntime/7.29.2"
::1 - - [12/Dec/2022:14:42:17 +0000] "GET /api/v1/job?=63973aabf60c7d8cb7c27c45 HTTP/1.1" 500 51 "-" "PostmanRuntime/7.29.2"
::1 - - [12/Dec/2022:14:42:20 +0000] "GET /api/v1/job?=63973aabf60c7d8cb7c27c45 HTTP/1.1" 500 51 "-" "PostmanRuntime/7.29.2"
::1 - - [12/Dec/2022:14:42:22 +0000] "GET /api/v1/job?=63973aabf60c7d8cb7c27c45 HTTP/1.1" 500 51 "-" "PostmanRuntime/7.29.2"
::1 - - [12/Dec/2022:14:42:23 +0000] "GET /api/v1/job?=63973aabf60c7d8cb7c27c45 HTTP/1.1" 500 51 "-" "PostmanRuntime/7.29.2"
::1 - - [12/Dec/2022:14:43:07 +0000] "GET /api/v1/job?=63973aabf60c7d8cb7c27c45%0A HTTP/1.1" 500 51 "-" "PostmanRuntime/7.29.2"
::1 - - [12/Dec/2022:14:43:42 +0000] "GET /api/v1/job?=63973aabf60c7d8cb7c27c45%0A HTTP/1.1" 500 51 "-" "PostmanRuntime/7.29.2"
::1 - - [12/Dec/2022:14:43:54 +0000] "GET /api/v1/job?=63973aabf60c7d8cb7c27c45%0A HTTP/1.1" 500 51 "-" "PostmanRuntime/7.29.2"
::1 - - [12/Dec/2022:14:46:06 +0000] "GET /api/v1/education?=639728a37c6b66b2502f7fc9 HTTP/1.1" 200 203 "-" "PostmanRuntime/7.29.2"
::1 - - [12/Dec/2022:14:46:34 +0000] "GET /api/v1/job?=63973aabf60c7d8cb7c27c45%0A HTTP/1.1" 500 51 "-" "PostmanRuntime/7.29.2"
::1 - - [12/Dec/2022:14:46:37 +0000] "GET /api/v1/job?=63973aabf60c7d8cb7c27c45%0A HTTP/1.1" 500 51 "-" "PostmanRuntime/7.29.2"
::1 - - [12/Dec/2022:14:47:38 +0000] "GET /api/v1/job?=3973aabf60c7d8cb7c27c45 HTTP/1.1" 500 51 "-" "PostmanRuntime/7.29.2"
::1 - - [12/Dec/2022:14:48:54 +0000] "GET /api/v1/job?=3973aabf60c7d8cb7c27c45 HTTP/1.1" 500 51 "-" "PostmanRuntime/7.29.2"
::1 - - [12/Dec/2022:14:50:06 +0000] "GET /api/v1/job?=3973aabf60c7d8cb7c27c45 HTTP/1.1" 500 51 "-" "PostmanRuntime/7.29.2"
::1 - - [12/Dec/2022:14:50:22 +0000] "GET /api/v1/job?=3973aabf60c7d8cb7c27c45 HTTP/1.1" 500 51 "-" "PostmanRuntime/7.29.2"
::1 - - [12/Dec/2022:14:50:23 +0000] "GET /api/v1/job?=3973aabf60c7d8cb7c27c45 HTTP/1.1" 500 51 "-" "PostmanRuntime/7.29.2"
::1 - - [12/Dec/2022:14:52:22 +0000] "GET /api/v1/job?=3973aabf60c7d8cb7c27c45 HTTP/1.1" 500 51 "-" "PostmanRuntime/7.29.2"
::1 - - [12/Dec/2022:14:52:26 +0000] "GET /api/v1/job?=3973aabf60c7d8cb7c27c45 HTTP/1.1" 500 51 "-" "PostmanRuntime/7.29.2"
::1 - - [12/Dec/2022:14:53:11 +0000] "GET /api/v1/job?=3973aabf60c7d8cb7c27c45 HTTP/1.1" 500 51 "-" "PostmanRuntime/7.29.2"
::1 - - [12/Dec/2022:14:53:13 +0000] "GET /api/v1/job?=3973aabf60c7d8cb7c27c45 HTTP/1.1" 500 51 "-" "PostmanRuntime/7.29.2"
::1 - - [12/Dec/2022:14:53:14 +0000] "GET /api/v1/job?=3973aabf60c7d8cb7c27c45 HTTP/1.1" 500 51 "-" "PostmanRuntime/7.29.2"
::1 - - [12/Dec/2022:14:53:28 +0000] "GET /api/v1/job?=3973aabf60c7d8cb7c27c45 HTTP/1.1" 500 51 "-" "PostmanRuntime/7.29.2"
::1 - - [12/Dec/2022:14:53:30 +0000] "GET /api/v1/job?=3973aabf60c7d8cb7c27c45 HTTP/1.1" 500 51 "-" "PostmanRuntime/7.29.2"
::1 - - [12/Dec/2022:14:53:34 +0000] "GET /api/v1/job?=3973aabf60c7d8cb7c27c45 HTTP/1.1" 500 51 "-" "PostmanRuntime/7.29.2"
::1 - - [12/Dec/2022:14:53:35 +0000] "GET /api/v1/job?=3973aabf60c7d8cb7c27c45 HTTP/1.1" 500 51 "-" "PostmanRuntime/7.29.2"
::1 - - [12/Dec/2022:14:53:59 +0000] "GET /api/v1/job?=3973aabf60c7d8cb7c27c45 HTTP/1.1" 500 51 "-" "PostmanRuntime/7.29.2"
::1 - - [12/Dec/2022:14:54:01 +0000] "GET /api/v1/job?=3973aabf60c7d8cb7c27c45 HTTP/1.1" 500 51 "-" "PostmanRuntime/7.29.2"
::1 - - [12/Dec/2022:14:54:25 +0000] "POST /api/v1/job?=3973aabf60c7d8cb7c27c45 HTTP/1.1" 400 587 "-" "PostmanRuntime/7.29.2"
::1 - - [12/Dec/2022:14:54:31 +0000] "GET /api/v1/job?=3973aabf60c7d8cb7c27c45 HTTP/1.1" 500 51 "-" "PostmanRuntime/7.29.2"
::1 - - [12/Dec/2022:14:59:08 +0000] "PATCH /api/v1/education?id=6390d38f8a333f76775d604d HTTP/1.1" 500 51 "-" "PostmanRuntime/7.29.2"
::1 - - [12/Dec/2022:14:59:12 +0000] "PATCH /api/v1/education?id=6390d38f8a333f76775d604d HTTP/1.1" 500 51 "-" "PostmanRuntime/7.29.2"
::1 - - [12/Dec/2022:14:59:48 +0000] "PATCH /api/v1/education?id=639728a37c6b66b2502f7fc9 HTTP/1.1" 500 51 "-" "PostmanRuntime/7.29.2"
::1 - - [12/Dec/2022:14:59:58 +0000] "PATCH /api/v1/education?id=639728a37c6b66b2502f7fc9 HTTP/1.1" 500 51 "-" "PostmanRuntime/7.29.2"
::1 - - [12/Dec/2022:15:00:00 +0000] "PATCH /api/v1/education?id=639728a37c6b66b2502f7fc9 HTTP/1.1" 500 51 "-" "PostmanRuntime/7.29.2"
::1 - - [12/Dec/2022:15:00:13 +0000] "PATCH /api/v1/education?id=639728a37c6b66b2502f7fc9 HTTP/1.1" 500 51 "-" "PostmanRuntime/7.29.2"
::1 - - [12/Dec/2022:15:00:17 +0000] "PATCH /api/v1/education?id=639728a37c6b66b2502f7fc9 HTTP/1.1" 500 51 "-" "PostmanRuntime/7.29.2"
::1 - - [12/Dec/2022:15:02:12 +0000] "PATCH /api/v1/education?id=639728a37c6b66b2502f7fc9 HTTP/1.1" 500 51 "-" "PostmanRuntime/7.29.2"
::1 - - [12/Dec/2022:15:02:14 +0000] "PATCH /api/v1/education?id=639728a37c6b66b2502f7fc9 HTTP/1.1" 500 51 "-" "PostmanRuntime/7.29.2"
::1 - - [12/Dec/2022:15:02:15 +0000] "PATCH /api/v1/education?id=639728a37c6b66b2502f7fc9 HTTP/1.1" 500 51 "-" "PostmanRuntime/7.29.2"
::1 - - [12/Dec/2022:15:02:17 +0000] "PATCH /api/v1/education?id=639728a37c6b66b2502f7fc9 HTTP/1.1" 500 51 "-" "PostmanRuntime/7.29.2"
::1 - - [12/Dec/2022:15:02:18 +0000] "PATCH /api/v1/education?id=639728a37c6b66b2502f7fc9 HTTP/1.1" 500 51 "-" "PostmanRuntime/7.29.2"
::1 - - [12/Dec/2022:15:02:20 +0000] "PATCH /api/v1/education?id=639728a37c6b66b2502f7fc9 HTTP/1.1" 500 51 "-" "PostmanRuntime/7.29.2"
::1 - - [12/Dec/2022:15:49:12 +0000] "PATCH /api/v1/education?id=639728a37c6b66b2502f7fc9 HTTP/1.1" 500 51 "-" "PostmanRuntime/7.29.2"
::1 - - [12/Dec/2022:15:50:55 +0000] "PATCH /api/v1/education?id=639728a37c6b66b2502f7fc9 HTTP/1.1" 500 51 "-" "PostmanRuntime/7.29.2"
::1 - - [12/Dec/2022:15:50:58 +0000] "PATCH /api/v1/education?id=639728a37c6b66b2502f7fc9 HTTP/1.1" 500 51 "-" "PostmanRuntime/7.29.2"
::1 - - [12/Dec/2022:15:51:00 +0000] "PATCH /api/v1/education?id=639728a37c6b66b2502f7fc9 HTTP/1.1" 500 51 "-" "PostmanRuntime/7.29.2"
::1 - - [12/Dec/2022:15:51:02 +0000] "PATCH /api/v1/education?id=639728a37c6b66b2502f7fc9 HTTP/1.1" 500 51 "-" "PostmanRuntime/7.29.2"
::1 - - [12/Dec/2022:15:51:08 +0000] "PATCH /api/v1/education?id=639728a37c6b66b2502f7fc9 HTTP/1.1" 500 51 "-" "PostmanRuntime/7.29.2"
::1 - - [12/Dec/2022:15:54:59 +0000] "PATCH /api/v1/education?id=639728a37c6b66b2502f7fc9 HTTP/1.1" 500 51 "-" "PostmanRuntime/7.29.2"
::1 - - [12/Dec/2022:15:55:01 +0000] "PATCH /api/v1/education?id=639728a37c6b66b2502f7fc9 HTTP/1.1" 500 51 "-" "PostmanRuntime/7.29.2"
::1 - - [12/Dec/2022:15:55:07 +0000] "PATCH /api/v1/education?id=639728a37c6b66b2502f7fc9 HTTP/1.1" 500 51 "-" "PostmanRuntime/7.29.2"
::1 - - [12/Dec/2022:15:56:15 +0000] "PUT /api/v1/education?id=639728a37c6b66b2502f7fc9 HTTP/1.1" 500 51 "-" "PostmanRuntime/7.29.2"
::1 - - [12/Dec/2022:15:56:16 +0000] "PUT /api/v1/education?id=639728a37c6b66b2502f7fc9 HTTP/1.1" 500 51 "-" "PostmanRuntime/7.29.2"
::1 - - [12/Dec/2022:15:56:18 +0000] "PUT /api/v1/education?id=639728a37c6b66b2502f7fc9 HTTP/1.1" 500 51 "-" "PostmanRuntime/7.29.2"
::1 - - [12/Dec/2022:15:56:19 +0000] "PUT /api/v1/education?id=639728a37c6b66b2502f7fc9 HTTP/1.1" 500 51 "-" "PostmanRuntime/7.29.2"
::1 - - [12/Dec/2022:15:56:26 +0000] "PATCH /api/v1/education?id=639728a37c6b66b2502f7fc9 HTTP/1.1" 500 51 "-" "PostmanRuntime/7.29.2"
::1 - - [12/Dec/2022:15:56:28 +0000] "PATCH /api/v1/education?id=639728a37c6b66b2502f7fc9 HTTP/1.1" 500 51 "-" "PostmanRuntime/7.29.2"
::1 - - [12/Dec/2022:15:58:30 +0000] "PATCH /api/v1/education?id=639728a37c6b66b2502f7fc9 HTTP/1.1" 500 51 "-" "PostmanRuntime/7.29.2"
::1 - - [12/Dec/2022:15:58:33 +0000] "PATCH /api/v1/education?id=639728a37c6b66b2502f7fc9 HTTP/1.1" 500 51 "-" "PostmanRuntime/7.29.2"
::1 - - [12/Dec/2022:15:58:34 +0000] "PATCH /api/v1/education?id=639728a37c6b66b2502f7fc9 HTTP/1.1" 500 51 "-" "PostmanRuntime/7.29.2"
::1 - - [12/Dec/2022:15:59:05 +0000] "PATCH /api/v1/education?id=639728a37c6b66b2502f7fc9 HTTP/1.1" 500 51 "-" "PostmanRuntime/7.29.2"
::1 - - [12/Dec/2022:15:59:10 +0000] "PATCH /api/v1/education?id=639728a37c6b66b2502f7fc9 HTTP/1.1" 500 51 "-" "PostmanRuntime/7.29.2"
::1 - - [12/Dec/2022:15:59:19 +0000] "PATCH /api/v1/education?=639728a37c6b66b2502f7fc9 HTTP/1.1" 500 51 "-" "PostmanRuntime/7.29.2"
::1 - - [12/Dec/2022:15:59:22 +0000] "PATCH /api/v1/education?=639728a37c6b66b2502f7fc9 HTTP/1.1" 500 51 "-" "PostmanRuntime/7.29.2"
::1 - - [12/Dec/2022:15:59:25 +0000] "PATCH /api/v1/education?=639728a37c6b66b2502f7fc9 HTTP/1.1" 500 51 "-" "PostmanRuntime/7.29.2"
::1 - - [12/Dec/2022:15:59:41 +0000] "PATCH /api/v1/education?=639728a37c6b66b2502f7fc9 HTTP/1.1" 500 51 "-" "PostmanRuntime/7.29.2"
::1 - - [12/Dec/2022:16:01:52 +0000] "PATCH /api/v1/education?=639728a37c6b66b2502f7fc9 HTTP/1.1" 500 51 "-" "PostmanRuntime/7.29.2"
::1 - - [12/Dec/2022:16:01:54 +0000] "PATCH /api/v1/education?=639728a37c6b66b2502f7fc9 HTTP/1.1" 500 51 "-" "PostmanRuntime/7.29.2"
::1 - - [12/Dec/2022:16:01:55 +0000] "PATCH /api/v1/education?=639728a37c6b66b2502f7fc9 HTTP/1.1" 500 51 "-" "PostmanRuntime/7.29.2"
::1 - - [12/Dec/2022:16:01:57 +0000] "PATCH /api/v1/education?=639728a37c6b66b2502f7fc9 HTTP/1.1" 500 51 "-" "PostmanRuntime/7.29.2"
::1 - - [12/Dec/2022:16:02:05 +0000] "PATCH /api/v1/education?=639728a37c6b66b2502f7fc9 HTTP/1.1" 500 51 "-" "PostmanRuntime/7.29.2"
::1 - - [12/Dec/2022:16:02:07 +0000] "PATCH /api/v1/education?=639728a37c6b66b2502f7fc9 HTTP/1.1" 500 51 "-" "PostmanRuntime/7.29.2"
::1 - - [12/Dec/2022:16:02:54 +0000] "PATCH /api/v1/education?=639728a37c6b66b2502f7fc9 HTTP/1.1" 500 51 "-" "PostmanRuntime/7.29.2"
::1 - - [12/Dec/2022:16:02:55 +0000] "PATCH /api/v1/education?=639728a37c6b66b2502f7fc9 HTTP/1.1" 500 51 "-" "PostmanRuntime/7.29.2"
::1 - - [12/Dec/2022:16:02:57 +0000] "PATCH /api/v1/education?=639728a37c6b66b2502f7fc9 HTTP/1.1" 500 51 "-" "PostmanRuntime/7.29.2"
::1 - - [12/Dec/2022:16:02:58 +0000] "PATCH /api/v1/education?=639728a37c6b66b2502f7fc9 HTTP/1.1" 500 51 "-" "PostmanRuntime/7.29.2"
::1 - - [12/Dec/2022:16:12:00 +0000] "PATCH /api/v1/education?=639728a37c6b66b2502f7fc9 HTTP/1.1" 500 51 "-" "PostmanRuntime/7.29.2"
::1 - - [12/Dec/2022:16:12:02 +0000] "PATCH /api/v1/education?=639728a37c6b66b2502f7fc9 HTTP/1.1" 500 51 "-" "PostmanRuntime/7.29.2"
::1 - - [12/Dec/2022:16:12:03 +0000] "PATCH /api/v1/education?=639728a37c6b66b2502f7fc9 HTTP/1.1" 500 51 "-" "PostmanRuntime/7.29.2"
::1 - - [12/Dec/2022:16:12:20 +0000] "PATCH /api/v1/education?=639728a37c6b66b2502f7fc9 HTTP/1.1" 500 51 "-" "PostmanRuntime/7.29.2"
::1 - - [12/Dec/2022:16:12:22 +0000] "PATCH /api/v1/education?=639728a37c6b66b2502f7fc9 HTTP/1.1" 500 51 "-" "PostmanRuntime/7.29.2"
::1 - - [12/Dec/2022:16:12:24 +0000] "PATCH /api/v1/education?=639728a37c6b66b2502f7fc9 HTTP/1.1" 500 51 "-" "PostmanRuntime/7.29.2"
::1 - - [12/Dec/2022:16:12:25 +0000] "PATCH /api/v1/education?=639728a37c6b66b2502f7fc9 HTTP/1.1" 500 51 "-" "PostmanRuntime/7.29.2"
::1 - - [12/Dec/2022:16:12:27 +0000] "PATCH /api/v1/education?=639728a37c6b66b2502f7fc9 HTTP/1.1" 500 51 "-" "PostmanRuntime/7.29.2"
::1 - - [12/Dec/2022:16:12:28 +0000] "PATCH /api/v1/education?=639728a37c6b66b2502f7fc9 HTTP/1.1" 500 51 "-" "PostmanRuntime/7.29.2"
::1 - - [12/Dec/2022:16:14:29 +0000] "PATCH /api/v1/education?=639728a37c6b66b2502f7fc9 HTTP/1.1" 500 51 "-" "PostmanRuntime/7.29.2"
::1 - - [12/Dec/2022:16:14:35 +0000] "PATCH /api/v1/education?=639728a37c6b66b2502f7fc9 HTTP/1.1" 500 51 "-" "PostmanRuntime/7.29.2"
::1 - - [12/Dec/2022:16:14:38 +0000] "PATCH /api/v1/education?=639728a37c6b66b2502f7fc9 HTTP/1.1" 500 51 "-" "PostmanRuntime/7.29.2"
::1 - - [12/Dec/2022:16:14:39 +0000] "PATCH /api/v1/education?=639728a37c6b66b2502f7fc9 HTTP/1.1" 500 51 "-" "PostmanRuntime/7.29.2"
::1 - - [12/Dec/2022:16:14:40 +0000] "PATCH /api/v1/education?=639728a37c6b66b2502f7fc9 HTTP/1.1" 500 51 "-" "PostmanRuntime/7.29.2"
::1 - - [12/Dec/2022:17:31:59 +0000] "PATCH /api/v1/education?=639728a37c6b66b2502f7fc9 HTTP/1.1" 500 51 "-" "PostmanRuntime/7.29.2"
::1 - - [12/Dec/2022:17:32:15 +0000] "PATCH /api/v1/education?=639728a37c6b66b2502f7fc9 HTTP/1.1" 500 51 "-" "PostmanRuntime/7.29.2"
::1 - - [12/Dec/2022:17:32:17 +0000] "PATCH /api/v1/education?=639728a37c6b66b2502f7fc9 HTTP/1.1" 500 51 "-" "PostmanRuntime/7.29.2"
::1 - - [12/Dec/2022:17:32:43 +0000] "PATCH /api/v1/education?=639728a37c6b66b2502f7fc9 HTTP/1.1" 500 51 "-" "PostmanRuntime/7.29.2"
::1 - - [12/Dec/2022:17:33:29 +0000] "PATCH /api/v1/education?=639728a37c6b66b2502f7fc9 HTTP/1.1" 500 51 "-" "PostmanRuntime/7.29.2"
::1 - - [12/Dec/2022:17:34:32 +0000] "PATCH /api/v1/education?=639728a37c6b66b2502f7fc9 HTTP/1.1" 500 51 "-" "PostmanRuntime/7.29.2"
::1 - - [12/Dec/2022:17:34:34 +0000] "PATCH /api/v1/education?=639728a37c6b66b2502f7fc9 HTTP/1.1" 500 51 "-" "PostmanRuntime/7.29.2"
::1 - - [12/Dec/2022:17:34:36 +0000] "PATCH /api/v1/education?=639728a37c6b66b2502f7fc9 HTTP/1.1" 500 51 "-" "PostmanRuntime/7.29.2"
::1 - - [12/Dec/2022:17:36:20 +0000] "PATCH /api/v1/education?=639728a37c6b66b2502f7fc9 HTTP/1.1" 500 51 "-" "PostmanRuntime/7.29.2"
::1 - - [12/Dec/2022:17:36:21 +0000] "PATCH /api/v1/education?=639728a37c6b66b2502f7fc9 HTTP/1.1" 500 51 "-" "PostmanRuntime/7.29.2"
::1 - - [12/Dec/2022:17:36:23 +0000] "PATCH /api/v1/education?=639728a37c6b66b2502f7fc9 HTTP/1.1" 500 51 "-" "PostmanRuntime/7.29.2"
::1 - - [12/Dec/2022:17:51:32 +0000] "PATCH /api/v1/education?=639728a37c6b66b2502f7fc9 HTTP/1.1" 500 51 "-" "PostmanRuntime/7.29.2"
::1 - - [12/Dec/2022:17:51:49 +0000] "GET /api/v1/job?=3973aabf60c7d8cb7c27c45 HTTP/1.1" 500 51 "-" "PostmanRuntime/7.29.2"
::1 - - [12/Dec/2022:17:51:51 +0000] "GET /api/v1/job?=3973aabf60c7d8cb7c27c45 HTTP/1.1" 500 51 "-" "PostmanRuntime/7.29.2"
::1 - - [12/Dec/2022:17:51:52 +0000] "GET /api/v1/job?=3973aabf60c7d8cb7c27c45 HTTP/1.1" 500 51 "-" "PostmanRuntime/7.29.2"
::1 - - [12/Dec/2022:17:51:57 +0000] "PATCH /api/v1/education?=639728a37c6b66b2502f7fc9 HTTP/1.1" 500 51 "-" "PostmanRuntime/7.29.2"
::1 - - [12/Dec/2022:20:16:27 +0000] "PATCH /api/v1/education?=639728a37c6b66b2502f7fc9 HTTP/1.1" 500 51 "-" "PostmanRuntime/7.29.2"
::1 - - [12/Dec/2022:20:24:44 +0000] "DELETE /api/v1/job?=63973aabf60c7d8cb7c27c45 HTTP/1.1" 500 51 "-" "PostmanRuntime/7.29.2"
::1 - - [12/Dec/2022:20:25:00 +0000] "GET /api/v1/job?=3973aabf60c7d8cb7c27c45 HTTP/1.1" 500 51 "-" "PostmanRuntime/7.29.2"
::1 - - [12/Dec/2022:20:28:29 +0000] "GET /api/v1/job?=3973aabf60c7d8cb7c27c45 HTTP/1.1" 500 51 "-" "PostmanRuntime/7.29.2"
::1 - - [12/Dec/2022:20:28:33 +0000] "GET /api/v1/job?=3973aabf60c7d8cb7c27c45 HTTP/1.1" 500 51 "-" "PostmanRuntime/7.29.2"
::1 - - [12/Dec/2022:20:28:34 +0000] "GET /api/v1/job?=3973aabf60c7d8cb7c27c45 HTTP/1.1" 500 51 "-" "PostmanRuntime/7.29.2"
::1 - - [12/Dec/2022:20:28:38 +0000] "GET /api/v1/job?=3973aabf60c7d8cb7c27c45 HTTP/1.1" 500 51 "-" "PostmanRuntime/7.29.2"
::1 - - [12/Dec/2022:20:28:40 +0000] "GET /api/v1/job?=3973aabf60c7d8cb7c27c45 HTTP/1.1" 500 51 "-" "PostmanRuntime/7.29.2"
::1 - - [12/Dec/2022:20:28:57 +0000] "POST /api/v1/job HTTP/1.1" 200 237 "-" "PostmanRuntime/7.29.2"
::1 - - [12/Dec/2022:20:29:17 +0000] "GET /api/v1/job?=63978f08dedebaf8e8e6d019 HTTP/1.1" 500 51 "-" "PostmanRuntime/7.29.2"
::1 - - [12/Dec/2022:20:29:40 +0000] "DELETE /api/v1/job?=63978f08dedebaf8e8e6d019 HTTP/1.1" 500 51 "-" "PostmanRuntime/7.29.2"
::1 - - [12/Dec/2022:20:29:58 +0000] "GET /api/v1/job?=63978f08dedebaf8e8e6d019 HTTP/1.1" 500 51 "-" "PostmanRuntime/7.29.2"
::1 - - [12/Dec/2022:20:31:07 +0000] "GET /api/v1/job?=63978f08dedebaf8e8e6d019 HTTP/1.1" 500 51 "-" "PostmanRuntime/7.29.2"
::1 - - [12/Dec/2022:21:42:51 +0000] "GET /api/v1/job?=63978f08dedebaf8e8e6d019 HTTP/1.1" 500 51 "-" "PostmanRuntime/7.29.2"
::1 - - [12/Dec/2022:21:43:47 +0000] "GET /api/v1/job?=63978f08dedebaf8e8e6d019 HTTP/1.1" 500 51 "-" "PostmanRuntime/7.29.2"
::1 - - [12/Dec/2022:21:46:34 +0000] "GET /api/v1/education?=639728a37c6b66b2502f7fc2 HTTP/1.1" 200 203 "-" "PostmanRuntime/7.29.2"
::1 - - [12/Dec/2022:21:56:54 +0000] "GET /api/v1/job?id=63978f08dedebaf8e8e6d019 HTTP/1.1" 500 51 "-" "PostmanRuntime/7.29.2"
::1 - - [12/Dec/2022:21:57:03 +0000] "GET /api/v1/job?id=63978f08dedebaf8e8e6d019 HTTP/1.1" 500 51 "-" "PostmanRuntime/7.29.2"
::1 - - [12/Dec/2022:21:57:52 +0000] "GET /api/v1/job?id=63978f08dedebaf8e8e6d019 HTTP/1.1" 500 51 "-" "PostmanRuntime/7.29.2"
::1 - - [12/Dec/2022:21:59:27 +0000] "GET /api/v1/job?id=63978f08dedebaf8e8e6d019 HTTP/1.1" 500 51 "-" "PostmanRuntime/7.29.2"
::1 - - [12/Dec/2022:22:01:07 +0000] "POST /api/v1/job HTTP/1.1" 200 237 "-" "PostmanRuntime/7.29.2"
::1 - - [12/Dec/2022:22:03:16 +0000] "GET /api/v1/job?id=63978f08dedebaf8e8e6d019 HTTP/1.1" 200 947 "-" "PostmanRuntime/7.29.2"
::1 - - [12/Dec/2022:22:13:19 +0000] "GET /api/v1/job?id=63978f08dedebaf8e8e6d019 HTTP/1.1" 200 947 "-" "PostmanRuntime/7.29.2"
::1 - - [12/Dec/2022:22:13:25 +0000] "GET /api/v1/job/63978f08dedebaf8e8e6d019 HTTP/1.1" 500 51 "-" "PostmanRuntime/7.29.2"
::1 - - [12/Dec/2022:22:14:20 +0000] "GET /api/v1/job/63978f08dedebaf8e8e6d019 HTTP/1.1" 400 30 "-" "PostmanRuntime/7.29.2"
::1 - - [12/Dec/2022:22:19:49 +0000] "GET /api/v1/job/63978f08dedebaf8e8e6d019 HTTP/1.1" 200 237 "-" "PostmanRuntime/7.29.2"
::1 - - [12/Dec/2022:22:21:13 +0000] "GET /api/v1/job HTTP/1.1" 200 947 "-" "PostmanRuntime/7.29.2"
::1 - - [12/Dec/2022:22:22:29 +0000] "POST /api/v1/job HTTP/1.1" 200 239 "-" "PostmanRuntime/7.29.2"
::1 - - [12/Dec/2022:22:22:47 +0000] "GET /api/v1/job/6397a9a55a075495fe77893f HTTP/1.1" 200 239 "-" "PostmanRuntime/7.29.2"
::1 - - [12/Dec/2022:22:22:55 +0000] "GET /api/v1/job HTTP/1.1" 200 1187 "-" "PostmanRuntime/7.29.2"
::1 - - [12/Dec/2022:22:27:19 +0000] "GET /api/v1/job HTTP/1.1" 200 1187 "-" "PostmanRuntime/7.29.2"
::1 - - [12/Dec/2022:22:48:32 +0000] "POST /api/v1/job/many HTTP/1.1" 200 17 "-" "PostmanRuntime/7.29.2"
::1 - - [12/Dec/2022:22:51:09 +0000] "POST /api/v1/job/many HTTP/1.1" 200 17 "-" "PostmanRuntime/7.29.2"
::1 - - [12/Dec/2022:23:01:34 +0000] "PATCH /api/v1/education/639728a37c6b66b2502f7fc9 HTTP/1.1" 200 241 "-" "PostmanRuntime/7.29.2"
::1 - - [12/Dec/2022:23:04:28 +0000] "POST /api/v1/job/many HTTP/1.1" 200 17 "-" "PostmanRuntime/7.29.2"
::1 - - [12/Dec/2022:23:06:43 +0000] "POST /api/v1/job/many HTTP/1.1" 200 17 "-" "PostmanRuntime/7.29.2"
::1 - - [12/Dec/2022:23:09:36 +0000] "POST /api/v1/job/many HTTP/1.1" 200 17 "-" "PostmanRuntime/7.29.2"
::1 - - [12/Dec/2022:23:20:36 +0000] "POST /api/v1/job/many HTTP/1.1" 200 721 "-" "PostmanRuntime/7.29.2"
::1 - - [12/Dec/2022:23:27:00 +0000] "POST /api/v1/job/many HTTP/1.1" 200 721 "-" "PostmanRuntime/7.29.2"
::1 - - [12/Dec/2022:23:34:07 +0000] "POST /api/v1/job/many HTTP/1.1" 200 960 "-" "PostmanRuntime/7.29.2"
::1 - - [12/Dec/2022:23:37:53 +0000] "POST /api/v1/job/many HTTP/1.1" 200 728 "-" "PostmanRuntime/7.29.2"
::1 - - [12/Dec/2022:23:38:26 +0000] "POST /api/v1/job/many HTTP/1.1" 200 972 "-" "PostmanRuntime/7.29.2"
::1 - - [12/Dec/2022:23:38:52 +0000] "POST /api/v1/job HTTP/1.1" 200 242 "-" "PostmanRuntime/7.29.2"
::1 - - [12/Dec/2022:23:48:00 +0000] "GET /api/v1/experience/6397286b7c6b66b2502f7fc6 HTTP/1.1" 500 51 "-" "PostmanRuntime/7.29.2"
::1 - - [12/Dec/2022:23:48:26 +0000] "POST /api/v1/experience HTTP/1.1" 200 262 "-" "PostmanRuntime/7.29.2"
::1 - - [12/Dec/2022:23:49:07 +0000] "GET /api/v1/experience/6397bdca886d1cd8dc37935f HTTP/1.1" 500 51 "-" "PostmanRuntime/7.29.2"
::1 - - [12/Dec/2022:23:50:32 +0000] "GET /api/v1/job/6397a9a55a075495fe77893f HTTP/1.1" 200 239 "-" "PostmanRuntime/7.29.2"
::1 - - [12/Dec/2022:23:51:22 +0000] "GET /api/v1/experience/6397bdca886d1cd8dc37935f HTTP/1.1" 500 51 "-" "PostmanRuntime/7.29.2"
::1 - - [12/Dec/2022:23:54:00 +0000] "GET /api/v1/experience/6397bdca886d1cd8dc37935f HTTP/1.1" 500 51 "-" "PostmanRuntime/7.29.2"
::1 - - [12/Dec/2022:23:56:08 +0000] "GET /api/v1/experience?id=6397bdca886d1cd8dc37935f HTTP/1.1" 200 0 "-" "PostmanRuntime/7.29.2"
::1 - - [12/Dec/2022:23:56:45 +0000] "POST /api/v1/experience HTTP/1.1" 200 262 "-" "PostmanRuntime/7.29.2"
::1 - - [12/Dec/2022:23:57:12 +0000] "GET /api/v1/experience?id=6397bfbd679bc27cf59a6dbf HTTP/1.1" 200 0 "-" "PostmanRuntime/7.29.2"
::1 - - [12/Dec/2022:23:57:22 +0000] "POST /api/v1/experience?id=6397bfbd679bc27cf59a6dbf HTTP/1.1" 400 1144 "-" "PostmanRuntime/7.29.2"
::1 - - [12/Dec/2022:23:57:43 +0000] "GET /api/v1/experience?id=6397bfbd679bc27cf59a6dbf HTTP/1.1" 200 0 "-" "PostmanRuntime/7.29.2"
::1 - - [13/Dec/2022:00:00:27 +0000] "GET /api/v1/experience?id=6397bfbd679bc27cf59a6dbf HTTP/1.1" 200 0 "-" "PostmanRuntime/7.29.2"
::1 - - [13/Dec/2022:00:00:31 +0000] "GET /api/v1/experience?id=6397bfbd679bc27cf59a6dbf HTTP/1.1" 200 0 "-" "PostmanRuntime/7.29.2"
::1 - - [13/Dec/2022:00:00:35 +0000] "GET /api/v1/experience?id=6397bfbd679bc27cf59a6dbf HTTP/1.1" 200 0 "-" "PostmanRuntime/7.29.2"
::1 - - [13/Dec/2022:00:01:58 +0000] "GET /api/v1/education?id=639728a37c6b66b2502f7fc2 HTTP/1.1" 200 201 "-" "PostmanRuntime/7.29.2"
::1 - - [13/Dec/2022:00:04:00 +0000] "GET /api/v1/education?id=639728a37c6b66b2502f7fc2 HTTP/1.1" 200 0 "-" "PostmanRuntime/7.29.2"
::1 - - [13/Dec/2022:00:04:05 +0000] "GET /api/v1/education?id=639728a37c6b66b2502f7fc2 HTTP/1.1" 200 0 "-" "PostmanRuntime/7.29.2"
::1 - - [13/Dec/2022:00:04:08 +0000] "GET /api/v1/education?id=639728a37c6b66b2502f7fc2 HTTP/1.1" 200 0 "-" "PostmanRuntime/7.29.2"
::1 - - [13/Dec/2022:00:04:21 +0000] "GET /api/v1/job HTTP/1.1" 200 5452 "-" "PostmanRuntime/7.29.2"
::1 - - [13/Dec/2022:00:04:36 +0000] "GET /api/v1/job/6397a9a55a075495fe77893f HTTP/1.1" 200 239 "-" "PostmanRuntime/7.29.2"
::1 - - [13/Dec/2022:00:05:25 +0000] "GET /api/v1/education?id=639728a37c6b66b2502f7fc2 HTTP/1.1" 200 0 "-" "PostmanRuntime/7.29.2"
::1 - - [13/Dec/2022:00:07:27 +0000] "GET /api/v1/education/639728a37c6b66b2502f7fc2 HTTP/1.1" 500 51 "-" "PostmanRuntime/7.29.2"
::1 - - [13/Dec/2022:00:07:56 +0000] "GET /api/v1/education/639728a37c6b66b2502f7fc2 HTTP/1.1" 500 51 "-" "PostmanRuntime/7.29.2"
::1 - - [13/Dec/2022:00:10:23 +0000] "GET /api/v1/education/639728a37c6b66b2502f7fc2 HTTP/1.1" 500 51 "-" "PostmanRuntime/7.29.2"
::1 - - [13/Dec/2022:00:10:26 +0000] "GET /api/v1/education/639728a37c6b66b2502f7fc2 HTTP/1.1" 500 51 "-" "PostmanRuntime/7.29.2"
::1 - - [13/Dec/2022:00:15:40 +0000] "GET /api/v1/education?id=639728a37c6b66b2502f7fc2 HTTP/1.1" 200 0 "-" "PostmanRuntime/7.29.2"
::1 - - [13/Dec/2022:23:12:46 +0000] "POST /api/v1/experience HTTP/1.1" 200 262 "-" "PostmanRuntime/7.29.2"
::1 - - [13/Dec/2022:23:13:59 +0000] "GET /api/v1/experience?id=639906ee3426aad626920a22 HTTP/1.1" 200 0 "-" "PostmanRuntime/7.29.2"
::1 - - [13/Dec/2022:23:21:30 +0000] "PATCH /api/v1/experience/639906ee3426aad626920a22 HTTP/1.1" 200 301 "-" "PostmanRuntime/7.29.2"
::1 - - [13/Dec/2022:23:22:50 +0000] "DELETE /api/v1/experience/639906ee3426aad626920a22 HTTP/1.1" 204 - "-" "PostmanRuntime/7.29.2"
::1 - - [13/Dec/2022:23:30:37 +0000] "DELETE /api/v1/experience/639906ee3426aad626920a22 HTTP/1.1" 400 3 "-" "PostmanRuntime/7.29.2"
::1 - - [13/Dec/2022:23:32:08 +0000] "DELETE /api/v1/experience/639906ee3426aad626920a22 HTTP/1.1" 400 3 "-" "PostmanRuntime/7.29.2"
::1 - - [13/Dec/2022:23:34:19 +0000] "DELETE /api/v1/experience/639906ee3426aad626920a22 HTTP/1.1" 204 - "-" "PostmanRuntime/7.29.2"
::1 - - [13/Dec/2022:23:36:08 +0000] "DELETE /api/v1/experience/639906ee3426aad626920a22 HTTP/1.1" 204 - "-" "PostmanRuntime/7.29.2"
::1 - - [13/Dec/2022:23:38:29 +0000] "DELETE /api/v1/experience/639906ee3426aad626920a22 HTTP/1.1" 204 - "-" "PostmanRuntime/7.29.2"
::1 - - [13/Dec/2022:23:38:36 +0000] "DELETE /api/v1/experience/639906ee3426aad626920a22 HTTP/1.1" 204 - "-" "PostmanRuntime/7.29.2"
::1 - - [13/Dec/2022:23:42:54 +0000] "DELETE /api/v1/experience/639906ee3426aad626920a22 HTTP/1.1" 400 3 "-" "PostmanRuntime/7.29.2"
::1 - - [14/Dec/2022:00:14:25 +0000] "DELETE /api/v1/experience/639906ee3426aad626920a22 HTTP/1.1" 400 83 "-" "PostmanRuntime/7.29.2"
::1 - - [14/Dec/2022:00:15:46 +0000] "DELETE /api/v1/experience/639906ee3426aad626920a22%0A HTTP/1.1" 400 330 "-" "PostmanRuntime/7.29.2"
::1 - - [14/Dec/2022:00:16:35 +0000] "DELETE /api/v1/experience/639906ee3426aad626920a22 HTTP/1.1" 400 83 "-" "PostmanRuntime/7.29.2"
::1 - - [14/Dec/2022:00:18:36 +0000] "DELETE /api/v1/experience?id=639906ee3426aad626920a22 HTTP/1.1" 400 68 "-" "PostmanRuntime/7.29.2"
::1 - - [14/Dec/2022:00:18:55 +0000] "DELETE /api/v1/experience?id=639906ee3426aad626920a22 HTTP/1.1" 400 68 "-" "PostmanRuntime/7.29.2"
::1 - - [14/Dec/2022:00:19:50 +0000] "POST /api/v1/experience HTTP/1.1" 200 262 "-" "PostmanRuntime/7.29.2"
::1 - - [14/Dec/2022:00:20:27 +0000] "GET /api/v1/experience?id=639916a6d11156388fef7f98 HTTP/1.1" 200 0 "-" "PostmanRuntime/7.29.2"
::1 - - [14/Dec/2022:00:22:57 +0000] "GET /api/v1/experience?id=639916a6d11156388fef7f98 HTTP/1.1" 200 28 "-" "PostmanRuntime/7.29.2"
::1 - - [14/Dec/2022:00:25:43 +0000] "GET /api/v1/experience?id=639916a6d11156388fef7f98 HTTP/1.1" 200 0 "-" "PostmanRuntime/7.29.2"
::1 - - [14/Dec/2022:00:25:57 +0000] "GET /api/v1/experience?id=639916a6d11156388fef7f98 HTTP/1.1" 200 0 "-" "PostmanRuntime/7.29.2"
::1 - - [14/Dec/2022:00:26:41 +0000] "GET /api/v1/experience?id=639916a6d11156388fef7f98 HTTP/1.1" 200 0 "-" "PostmanRuntime/7.29.2"
::1 - - [14/Dec/2022:00:26:44 +0000] "GET /api/v1/experience?id=639916a6d11156388fef7f98 HTTP/1.1" 200 0 "-" "PostmanRuntime/7.29.2"
::1 - - [14/Dec/2022:13:17:12 +0000] "POST /api/v1/job HTTP/1.1" 200 242 "-" "PostmanRuntime/7.29.2"
::1 - - [14/Dec/2022:13:17:28 +0000] "POST /api/v1/job/many HTTP/1.1" 200 972 "-" "PostmanRuntime/7.29.2"
::1 - - [14/Dec/2022:13:22:56 +0000] "GET /api/v1/job HTTP/1.1" 200 6651 "-" "PostmanRuntime/7.29.2"
::1 - - [14/Dec/2022:13:34:12 +0000] "PATCH /api/v1/job?id=6399ccd8ba82b6480e70a94 HTTP/1.1" 500 51 "-" "PostmanRuntime/7.29.2"
::1 - - [14/Dec/2022:13:43:44 +0000] "PATCH /api/v1/job?id=6399ccd8ba82b6480e70a94 HTTP/1.1" 500 51 "-" "PostmanRuntime/7.29.2"
::1 - - [14/Dec/2022:13:43:48 +0000] "PATCH /api/v1/job?id=6399ccd8ba82b6480e70a94 HTTP/1.1" 500 51 "-" "PostmanRuntime/7.29.2"
::1 - - [14/Dec/2022:13:43:50 +0000] "PATCH /api/v1/job?id=6399ccd8ba82b6480e70a94 HTTP/1.1" 500 51 "-" "PostmanRuntime/7.29.2"
::1 - - [15/Dec/2022:22:04:46 +0000] "POST /api/v1/apply HTTP/1.1" 200 234 "-" "PostmanRuntime/7.29.2"
::1 - - [15/Dec/2022:22:25:15 +0000] "PATCH /api/v1/apply HTTP/1.1" 500 51 "-" "PostmanRuntime/7.29.2"
::1 - - [15/Dec/2022:22:31:46 +0000] "POST /api/v1/apply HTTP/1.1" 200 234 "-" "PostmanRuntime/7.29.2"
::1 - - [15/Dec/2022:22:32:17 +0000] "PATCH /api/v1/apply/639ba05121109876fd507e03 HTTP/1.1" 200 275 "-" "PostmanRuntime/7.29.2"
::1 - - [16/Dec/2022:08:30:48 +0000] "PATCH /api/v1/apply/639ba05121109876fd507e03 HTTP/1.1" 200 275 "-" "PostmanRuntime/7.30.0"
::1 - - [16/Dec/2022:10:28:16 +0000] "POST /api/v1/apply HTTP/1.1" 400 454 "-" "PostmanRuntime/7.30.0"
::1 - - [16/Dec/2022:10:30:12 +0000] "POST /api/v1/apply HTTP/1.1" 400 454 "-" "PostmanRuntime/7.30.0"
::1 - - [16/Dec/2022:10:31:45 +0000] "POST /api/v1/apply HTTP/1.1" 400 454 "-" "PostmanRuntime/7.30.0"
::1 - - [16/Dec/2022:10:33:28 +0000] "POST /api/v1/apply HTTP/1.1" 400 454 "-" "PostmanRuntime/7.30.0"
::1 - - [16/Dec/2022:10:48:45 +0000] "POST /api/v1/apply HTTP/1.1" 200 464 "-" "PostmanRuntime/7.30.0"
::1 - - [16/Dec/2022:11:11:01 +0000] "POST /api/v1/apply HTTP/1.1" 200 476 "-" "PostmanRuntime/7.30.0"
::1 - - [16/Dec/2022:11:26:13 +0000] "PATCH /api/v1/apply/639c524521e7f3362a1ae732 HTTP/1.1" 200 473 "-" "PostmanRuntime/7.30.0"
::1 - - [16/Dec/2022:11:29:54 +0000] "POST /api/v1/job HTTP/1.1" 200 242 "-" "PostmanRuntime/7.30.0"
::1 - - [16/Dec/2022:11:30:03 +0000] "POST /api/v1/job/many HTTP/1.1" 200 972 "-" "PostmanRuntime/7.30.0"
::1 - - [16/Dec/2022:11:30:28 +0000] "GET /api/v1/job/6397a9a55a075495fe77893f HTTP/1.1" 200 239 "-" "PostmanRuntime/7.30.0"
::1 - - [16/Dec/2022:11:32:29 +0000] "GET /api/v1/job/639c56ba39cf001153492df5 HTTP/1.1" 200 237 "-" "PostmanRuntime/7.30.0"
::1 - - [16/Dec/2022:12:08:11 +0000] "POST /api/v1/apply HTTP/1.1" 400 30 "-" "PostmanRuntime/7.30.0"
::1 - - [16/Dec/2022:12:10:06 +0000] "POST /api/v1/apply HTTP/1.1" 400 30 "-" "PostmanRuntime/7.30.0"
::1 - - [16/Dec/2022:12:10:10 +0000] "POST /api/v1/apply HTTP/1.1" 400 30 "-" "PostmanRuntime/7.30.0"
::1 - - [16/Dec/2022:12:10:50 +0000] "POST /api/v1/apply HTTP/1.1" 200 19 "-" "PostmanRuntime/7.30.0"
::1 - - [16/Dec/2022:12:13:05 +0000] "POST /api/v1/apply HTTP/1.1" 400 30 "-" "PostmanRuntime/7.30.0"
::1 - - [16/Dec/2022:12:13:12 +0000] "POST /api/v1/apply HTTP/1.1" 200 19 "-" "PostmanRuntime/7.30.0"
::1 - - [16/Dec/2022:12:13:18 +0000] "POST /api/v1/apply HTTP/1.1" 400 30 "-" "PostmanRuntime/7.30.0"
::1 - - [16/Dec/2022:12:13:27 +0000] "POST /api/v1/apply HTTP/1.1" 200 19 "-" "PostmanRuntime/7.30.0"
::1 - - [16/Dec/2022:12:15:59 +0000] "POST /api/v1/apply HTTP/1.1" 400 30 "-" "PostmanRuntime/7.30.0"
::1 - - [16/Dec/2022:12:16:59 +0000] "POST /api/v1/apply HTTP/1.1" 400 30 "-" "PostmanRuntime/7.30.0"
::1 - - [16/Dec/2022:12:17:02 +0000] "POST /api/v1/apply HTTP/1.1" 400 30 "-" "PostmanRuntime/7.30.0"
::1 - - [16/Dec/2022:12:17:47 +0000] "POST /api/v1/apply HTTP/1.1" 200 19 "-" "PostmanRuntime/7.30.0"
::1 - - [16/Dec/2022:12:18:09 +0000] "POST /api/v1/apply HTTP/1.1" 200 19 "-" "PostmanRuntime/7.30.0"
::1 - - [16/Dec/2022:12:22:12 +0000] "POST /api/v1/apply HTTP/1.1" 200 19 "-" "PostmanRuntime/7.30.0"
::1 - - [16/Dec/2022:12:24:03 +0000] "POST /api/v1/apply HTTP/1.1" 200 19 "-" "PostmanRuntime/7.30.0"
::1 - - [16/Dec/2022:12:24:06 +0000] "POST /api/v1/apply HTTP/1.1" 200 19 "-" "PostmanRuntime/7.30.0"
::1 - - [16/Dec/2022:12:26:11 +0000] "POST /api/v1/apply HTTP/1.1" 400 30 "-" "PostmanRuntime/7.30.0"
::1 - - [16/Dec/2022:12:27:29 +0000] "POST /api/v1/apply HTTP/1.1" 200 19 "-" "PostmanRuntime/7.30.0"
::1 - - [16/Dec/2022:12:30:11 +0000] "POST /api/v1/apply HTTP/1.1" 200 19 "-" "PostmanRuntime/7.30.0"
::1 - - [17/Dec/2022:21:32:46 +0000] "POST /api/v1/user HTTP/1.1" 500 51 "-" "PostmanRuntime/7.30.0"
::1 - - [17/Dec/2022:21:36:32 +0000] "POST /api/v1/users/signUp HTTP/1.1" 500 51 "-" "PostmanRuntime/7.30.0"
::1 - - [17/Dec/2022:21:36:45 +0000] "POST /api/v1/users/signUp HTTP/1.1" 500 51 "-" "PostmanRuntime/7.30.0"
::1 - - [17/Dec/2022:21:37:23 +0000] "POST /api/v1/users/signUp HTTP/1.1" 500 51 "-" "PostmanRuntime/7.30.0"
::1 - - [17/Dec/2022:21:38:53 +0000] "POST /api/v1/users/signUp HTTP/1.1" 500 51 "-" "PostmanRuntime/7.30.0"
::1 - - [17/Dec/2022:21:39:12 +0000] "POST /api/v1/users/signUp HTTP/1.1" 500 51 "-" "PostmanRuntime/7.30.0"
::1 - - [17/Dec/2022:21:39:15 +0000] "POST /api/v1/users/signUp HTTP/1.1" 500 51 "-" "PostmanRuntime/7.30.0"
::1 - - [17/Dec/2022:21:39:26 +0000] "POST /api/v1/users/signUp HTTP/1.1" 500 51 "-" "PostmanRuntime/7.30.0"
::1 - - [17/Dec/2022:21:41:07 +0000] "POST /api/v1/users/signUp HTTP/1.1" 500 51 "-" "PostmanRuntime/7.30.0"
::1 - - [17/Dec/2022:21:42:06 +0000] "POST /api/v1/users/signup HTTP/1.1" 500 51 "-" "PostmanRuntime/7.30.0"
::1 - - [17/Dec/2022:21:42:08 +0000] "POST /api/v1/users/signup HTTP/1.1" 500 51 "-" "PostmanRuntime/7.30.0"
::1 - - [17/Dec/2022:21:43:46 +0000] "POST /api/v1/users/signUp HTTP/1.1" 500 51 "-" "PostmanRuntime/7.30.0"
::1 - - [17/Dec/2022:21:43:50 +0000] "POST /api/v1/users/signUp HTTP/1.1" 500 51 "-" "PostmanRuntime/7.30.0"
::1 - - [17/Dec/2022:22:30:02 +0000] "POST /api/v1/users/signUp HTTP/1.1" 201 378 "-" "PostmanRuntime/7.30.0"
::1 - - [17/Dec/2022:22:32:45 +0000] "POST /api/v1/users/signUp HTTP/1.1" 201 379 "-" "PostmanRuntime/7.30.0"
::1 - - [17/Dec/2022:22:35:35 +0000] "POST /api/v1/users/signUp HTTP/1.1" 201 380 "-" "PostmanRuntime/7.30.0"
::1 - - [17/Dec/2022:22:41:29 +0000] "POST /api/v1/users/signin HTTP/1.1" 500 362 "-" "PostmanRuntime/7.30.0"
::1 - - [17/Dec/2022:22:42:20 +0000] "POST /api/v1/users/signin HTTP/1.1" 200 366 "-" "PostmanRuntime/7.30.0"
::1 - - [17/Dec/2022:22:44:36 +0000] "POST /api/v1/users/forgot-password HTTP/1.1" 500 355 "-" "PostmanRuntime/7.30.0"
::1 - - [17/Dec/2022:22:54:47 +0000] "POST /api/v1/users/forgot-password HTTP/1.1" 500 560 "-" "PostmanRuntime/7.30.0"
::1 - - [17/Dec/2022:22:59:34 +0000] "POST /api/v1/users/forgot-password HTTP/1.1" 500 560 "-" "PostmanRuntime/7.30.0"
::1 - - [17/Dec/2022:22:59:37 +0000] "POST /api/v1/users/forgot-password HTTP/1.1" 500 560 "-" "PostmanRuntime/7.30.0"
::1 - - [17/Dec/2022:23:03:41 +0000] "POST /api/v1/users/forgot-password HTTP/1.1" 500 560 "-" "PostmanRuntime/7.30.0"
::1 - - [17/Dec/2022:23:03:44 +0000] "POST /api/v1/users/forgot-password HTTP/1.1" 500 560 "-" "PostmanRuntime/7.30.0"
::1 - - [17/Dec/2022:23:03:47 +0000] "POST /api/v1/users/forgot-password HTTP/1.1" 500 560 "-" "PostmanRuntime/7.30.0"
::1 - - [17/Dec/2022:23:04:59 +0000] "POST /api/v1/users/forgot-password HTTP/1.1" 500 358 "-" "PostmanRuntime/7.30.0"
::1 - - [17/Dec/2022:23:31:34 +0000] "POST /api/v1/users/forgot-password HTTP/1.1" 200 193 "-" "PostmanRuntime/7.30.0"
::1 - - [17/Dec/2022:23:31:59 +0000] "GET /api/v1/users/reset-password/20864ffe738a2210b1006481e083878c55b44e839702d5bc8c3ca4f5eceffaf5 HTTP/1.1" 500 1285 "-" "PostmanRuntime/7.30.0"
::1 - - [17/Dec/2022:23:36:57 +0000] "POST /api/v1/users/forgot-password HTTP/1.1" 200 193 "-" "PostmanRuntime/7.30.0"
::1 - - [17/Dec/2022:23:37:38 +0000] "POST /api/v1/users/forgot-password HTTP/1.1" 200 193 "-" "PostmanRuntime/7.30.0"
::1 - - [17/Dec/2022:23:37:52 +0000] "PATCH /api/v1/users/reset-password/1588bbc42c5d0698455b4d0b3fb5bd4166d7c658988ef5d4dadb0dbe3507404f HTTP/1.1" 200 413 "-" "PostmanRuntime/7.30.0"
::1 - - [17/Dec/2022:23:38:13 +0000] "POST /api/v1/users/signin HTTP/1.1" 200 413 "-" "PostmanRuntime/7.30.0"
::1 - - [17/Dec/2022:23:38:18 +0000] "POST /api/v1/users/forgot-password HTTP/1.1" 200 193 "-" "PostmanRuntime/7.30.0"
::1 - - [17/Dec/2022:23:38:23 +0000] "POST /api/v1/users/forgot-password HTTP/1.1" 200 193 "-" "PostmanRuntime/7.30.0"
::1 - - [17/Dec/2022:23:38:39 +0000] "PATCH /api/v1/users/reset-password/8e77ed216241c4b9e8aba848b88d50024e4951a881895e299aa869debb45cff9 HTTP/1.1" 200 413 "-" "PostmanRuntime/7.30.0"
::1 - - [17/Dec/2022:23:38:45 +0000] "POST /api/v1/users/signin HTTP/1.1" 401 248 "-" "PostmanRuntime/7.30.0"
::1 - - [17/Dec/2022:23:38:54 +0000] "POST /api/v1/users/signin HTTP/1.1" 200 413 "-" "PostmanRuntime/7.30.0"
::1 - - [17/Dec/2022:23:41:34 +0000] "POST /api/v1/users/forgot-password HTTP/1.1" 200 193 "-" "PostmanRuntime/7.30.0"
::1 - - [17/Dec/2022:23:42:34 +0000] "POST /api/v1/users/forgot-password HTTP/1.1" 200 193 "-" "PostmanRuntime/7.30.0"
::1 - - [17/Dec/2022:23:43:01 +0000] "PATCH /api/v1/users/update-password/63382f1272f7962bf951dbd1 HTTP/1.1" 200 551 "-" "PostmanRuntime/7.30.0"
::1 - - [17/Dec/2022:23:43:21 +0000] "PATCH /api/v1/users/update-password HTTP/1.1" 500 838 "-" "PostmanRuntime/7.30.0"
::1 - - [17/Dec/2022:23:45:19 +0000] "POST /api/v1/users/signin HTTP/1.1" 401 248 "-" "PostmanRuntime/7.30.0"
::1 - - [17/Dec/2022:23:45:40 +0000] "POST /api/v1/users/signin HTTP/1.1" 401 248 "-" "PostmanRuntime/7.30.0"
::1 - - [17/Dec/2022:23:46:13 +0000] "POST /api/v1/users/signin HTTP/1.1" 401 248 "-" "PostmanRuntime/7.30.0"
::1 - - [17/Dec/2022:23:46:22 +0000] "POST /api/v1/users/signin HTTP/1.1" 401 248 "-" "PostmanRuntime/7.30.0"
::1 - - [17/Dec/2022:23:46:28 +0000] "POST /api/v1/users/signin HTTP/1.1" 401 248 "-" "PostmanRuntime/7.30.0"
::1 - - [17/Dec/2022:23:46:40 +0000] "POST /api/v1/users/signin HTTP/1.1" 401 248 "-" "PostmanRuntime/7.30.0"
::1 - - [17/Dec/2022:23:46:55 +0000] "POST /api/v1/users/signin HTTP/1.1" 401 248 "-" "PostmanRuntime/7.30.0"
::1 - - [17/Dec/2022:23:47:22 +0000] "POST /api/v1/users/signin HTTP/1.1" 200 551 "-" "PostmanRuntime/7.30.0"
::1 - - [17/Dec/2022:23:47:41 +0000] "PATCH /api/v1/users/update-password/yfcyfcyvg HTTP/1.1" 401 251 "-" "PostmanRuntime/7.30.0"
::1 - - [17/Dec/2022:23:47:58 +0000] "PATCH /api/v1/users/update-password/yfcyfcyvg HTTP/1.1" 200 551 "-" "PostmanRuntime/7.30.0"
::1 - - [17/Dec/2022:23:49:00 +0000] "PATCH /api/v1/users/update-password HTTP/1.1" 500 838 "-" "PostmanRuntime/7.30.0"
::1 - - [17/Dec/2022:23:49:27 +0000] "PATCH /api/v1/users/update-password/63382f1272f7962bf951dbd1 HTTP/1.1" 200 551 "-" "PostmanRuntime/7.30.0"
::1 - - [17/Dec/2022:23:50:07 +0000] "POST /api/v1/job HTTP/1.1" 200 242 "-" "PostmanRuntime/7.30.0"
::1 - - [17/Dec/2022:23:50:25 +0000] "POST /api/v1/job/many HTTP/1.1" 200 972 "-" "PostmanRuntime/7.30.0"
::1 - - [17/Dec/2022:23:50:32 +0000] "GET /api/v1/job/639c56ba39cf001153492df5 HTTP/1.1" 200 237 "-" "PostmanRuntime/7.30.0"
::1 - - [17/Dec/2022:23:50:39 +0000] "PATCH /api/v1/job/63973a55c08f13ce7662e062 HTTP/1.1" 200 287 "-" "PostmanRuntime/7.30.0"
::1 - - [17/Dec/2022:23:50:49 +0000] "PATCH /api/v1/job/63973a55c08f13ce7662e062 HTTP/1.1" 200 290 "-" "PostmanRuntime/7.30.0"
::1 - - [17/Dec/2022:23:52:38 +0000] "DELETE /api/v1/job/63978f08dedebaf8e8e6d019 HTTP/1.1" 204 - "-" "PostmanRuntime/7.30.0"
::1 - - [17/Dec/2022:23:53:03 +0000] "DELETE /api/v1/job/639c56ba39cf001153492df5 HTTP/1.1" 204 - "-" "PostmanRuntime/7.30.0"
::1 - - [17/Dec/2022:23:55:05 +0000] "DELETE /api/v1/job/639c56ba39cf001153492df5 HTTP/1.1" 400 396 "-" "PostmanRuntime/7.30.0"
::1 - - [17/Dec/2022:23:55:40 +0000] "DELETE /api/v1/job/639e55c1e35de446b9064b63 HTTP/1.1" 204 - "-" "PostmanRuntime/7.30.0"
::1 - - [17/Dec/2022:23:56:45 +0000] "DELETE /api/v1/job/639e55afe35de446b9064b61 HTTP/1.1" 200 20 "-" "PostmanRuntime/7.30.0"
::1 - - [18/Dec/2022:00:02:46 +0000] "POST /api/v1/apply HTTP/1.1" 200 19 "-" "PostmanRuntime/7.30.0"
::1 - - [18/Dec/2022:00:02:57 +0000] "POST /api/v1/job HTTP/1.1" 401 1312 "-" "PostmanRuntime/7.30.0"
::1 - - [18/Dec/2022:00:03:35 +0000] "POST /api/v1/job HTTP/1.1" 200 242 "-" "PostmanRuntime/7.30.0"
::1 - - [18/Dec/2022:00:06:07 +0000] "POST /api/v1/users/signUp HTTP/1.1" 201 381 "-" "PostmanRuntime/7.30.0"
::1 - - [18/Dec/2022:00:08:15 +0000] "POST /api/v1/users/signUp HTTP/1.1" 201 381 "-" "PostmanRuntime/7.30.0"
::1 - - [18/Dec/2022:00:08:28 +0000] "POST /api/v1/job HTTP/1.1" 403 699 "-" "PostmanRuntime/7.30.0"
::1 - - [18/Dec/2022:00:08:36 +0000] "GET /api/v1/job/639c56ba39cf001153492df5 HTTP/1.1" 401 1303 "-" "PostmanRuntime/7.30.0"
::1 - - [18/Dec/2022:00:08:47 +0000] "GET /api/v1/job/639c56ba39cf001153492df5 HTTP/1.1" 200 0 "-" "PostmanRuntime/7.30.0"
::1 - - [18/Dec/2022:00:08:53 +0000] "GET /api/v1/job/639c56ba39cf001153492df5 HTTP/1.1" 200 0 "-" "PostmanRuntime/7.30.0"
::1 - - [18/Dec/2022:00:09:10 +0000] "GET /api/v1/job HTTP/1.1" 200 8355 "-" "PostmanRuntime/7.30.0"
::1 - - [18/Dec/2022:00:11:08 +0000] "POST /api/v1/apply HTTP/1.1" 200 19 "-" "PostmanRuntime/7.30.0"
::1 - - [18/Dec/2022:00:18:06 +0000] "POST /api/v1/apply HTTP/1.1" 200 476 "-" "PostmanRuntime/7.30.0"
::1 - - [18/Dec/2022:00:22:40 +0000] "GET /api/v1/job HTTP/1.1" 200 8355 "-" "PostmanRuntime/7.30.0"
::1 - - [18/Dec/2022:00:22:58 +0000] "GET /api/v1/job/63973a55c08f13ce7662e062 HTTP/1.1" 200 254 "-" "PostmanRuntime/7.30.0"
::1 - - [18/Dec/2022:00:23:15 +0000] "POST /api/v1/apply/63973a55c08f13ce7662e062 HTTP/1.1" 200 475 "-" "PostmanRuntime/7.30.0"
